android/build/intermediates/manifest_merge_blame_file/debug/manifest-merger-blame-debug-report.txt
1<?xml version="1.0" encoding="utf-8"?>
2<manifest xmlns:android="http://schemas.android.com/apk/res/android"
3    package="ua.ukma.edu.programistich.kmmtwitter.android"
4    android:versionCode="1"
5    android:versionName="1.0" >
6
7    <uses-sdk
8        android:minSdkVersion="24"
8-->src/main/AndroidManifest.xml
9        android:targetSdkVersion="33" />
9-->src/main/AndroidManifest.xml
10
11    <uses-permission android:name="android.permission.INTERNET" />
11-->src/main/AndroidManifest.xml:4:5-67
11-->src/main/AndroidManifest.xml:4:22-64
12
13    <application
13-->src/main/AndroidManifest.xml:6:5-20:19
14        android:name="ua.ukma.edu.programistich.kmmtwitter.android.Application"
14-->src/main/AndroidManifest.xml:10:9-36
15        android:allowBackup="true"
15-->src/main/AndroidManifest.xml:7:9-35
16        android:appComponentFactory="androidx.core.app.CoreComponentFactory"
16-->[androidx.core:core:1.8.0] AndroidManifest.xml:24:18-86
17        android:debuggable="true"
18        android:extractNativeLibs="false"
19        android:label="KMMTwitter"
19-->src/main/AndroidManifest.xml:9:9-35
20        android:supportsRtl="true"
20-->src/main/AndroidManifest.xml:8:9-35
21        android:testOnly="true"
22        android:theme="@style/AppTheme" >
22-->src/main/AndroidManifest.xml:11:9-40
23        <activity
23-->src/main/AndroidManifest.xml:12:9-19:20
24            android:name="ua.ukma.edu.programistich.kmmtwitter.android.MainActivity"
24-->src/main/AndroidManifest.xml:13:13-41
25            android:exported="true" >
25-->src/main/AndroidManifest.xml:14:13-36
26            <intent-filter>
26-->src/main/AndroidManifest.xml:15:13-18:29
27                <action android:name="android.intent.action.MAIN" />
27-->src/main/AndroidManifest.xml:16:17-69
27-->src/main/AndroidManifest.xml:16:25-66
28
29                <category android:name="android.intent.category.LAUNCHER" />
29-->src/main/AndroidManifest.xml:17:17-77
29-->src/main/AndroidManifest.xml:17:27-74
30            </intent-filter>
31        </activity>
32
33        <provider
33-->[com.russhwolf:multiplatform-settings-no-arg-android-debug:1.0.0-RC] AndroidManifest.xml:26:9-34:20
34            android:name="androidx.startup.InitializationProvider"
34-->[com.russhwolf:multiplatform-settings-no-arg-android-debug:1.0.0-RC] AndroidManifest.xml:27:13-67
35            android:authorities="ua.ukma.edu.programistich.kmmtwitter.android.androidx-startup"
35-->[com.russhwolf:multiplatform-settings-no-arg-android-debug:1.0.0-RC] AndroidManifest.xml:28:13-68
36            android:exported="false" >
36-->[com.russhwolf:multiplatform-settings-no-arg-android-debug:1.0.0-RC] AndroidManifest.xml:29:13-37
37            <meta-data
37-->[com.russhwolf:multiplatform-settings-no-arg-android-debug:1.0.0-RC] AndroidManifest.xml:31:13-33:52
38                android:name="com.russhwolf.settings.SettingsInitializer"
38-->[com.russhwolf:multiplatform-settings-no-arg-android-debug:1.0.0-RC] AndroidManifest.xml:32:17-74
39                android:value="androidx.startup" />
39-->[com.russhwolf:multiplatform-settings-no-arg-android-debug:1.0.0-RC] AndroidManifest.xml:33:17-49
40            <meta-data
40-->[androidx.profileinstaller:profileinstaller:1.2.0] AndroidManifest.xml:30:13-32:52
41                android:name="androidx.profileinstaller.ProfileInstallerInitializer"
41-->[androidx.profileinstaller:profileinstaller:1.2.0] AndroidManifest.xml:31:17-85
42                android:value="androidx.startup" />
42-->[androidx.profileinstaller:profileinstaller:1.2.0] AndroidManifest.xml:32:17-49
43            <meta-data
43-->[androidx.emoji2:emoji2:1.2.0] AndroidManifest.xml:29:13-31:52
44                android:name="androidx.emoji2.text.EmojiCompatInitializer"
44-->[androidx.emoji2:emoji2:1.2.0] AndroidManifest.xml:30:17-75
45                android:value="androidx.startup" />
45-->[androidx.emoji2:emoji2:1.2.0] AndroidManifest.xml:31:17-49
46            <meta-data
46-->[androidx.lifecycle:lifecycle-process:2.4.1] AndroidManifest.xml:31:13-33:52
47                android:name="androidx.lifecycle.ProcessLifecycleInitializer"
47-->[androidx.lifecycle:lifecycle-process:2.4.1] AndroidManifest.xml:32:17-78
48                android:value="androidx.startup" />
48-->[androidx.lifecycle:lifecycle-process:2.4.1] AndroidManifest.xml:33:17-49
49        </provider>
50
51        <activity
51-->[androidx.compose.ui:ui-tooling:1.2.1] AndroidManifest.xml:24:9-26:39
52            android:name="androidx.compose.ui.tooling.PreviewActivity"
52-->[androidx.compose.ui:ui-tooling:1.2.1] AndroidManifest.xml:25:13-71
53            android:exported="true" />
53-->[androidx.compose.ui:ui-tooling:1.2.1] AndroidManifest.xml:26:13-36
54        <activity
54-->[com.twitter.sdk.android:twitter-core:3.0.0] AndroidManifest.xml:28:9-32:40
55            android:name="com.twitter.sdk.android.core.identity.OAuthActivity"
55-->[com.twitter.sdk.android:twitter-core:3.0.0] AndroidManifest.xml:29:13-79
56            android:configChanges="orientation|screenSize"
56-->[com.twitter.sdk.android:twitter-core:3.0.0] AndroidManifest.xml:30:13-59
57            android:excludeFromRecents="true"
57-->[com.twitter.sdk.android:twitter-core:3.0.0] AndroidManifest.xml:31:13-46
58            android:exported="false" />
58-->[com.twitter.sdk.android:twitter-core:3.0.0] AndroidManifest.xml:32:13-37
59
60        <receiver
60-->[androidx.profileinstaller:profileinstaller:1.2.0] AndroidManifest.xml:35:9-47:20
61            android:name="androidx.profileinstaller.ProfileInstallReceiver"
61-->[androidx.profileinstaller:profileinstaller:1.2.0] AndroidManifest.xml:36:13-76
62            android:directBootAware="false"
62-->[androidx.profileinstaller:profileinstaller:1.2.0] AndroidManifest.xml:37:13-44
63            android:enabled="true"
63-->[androidx.profileinstaller:profileinstaller:1.2.0] AndroidManifest.xml:38:13-35
64            android:exported="true"
64-->[androidx.profileinstaller:profileinstaller:1.2.0] AndroidManifest.xml:39:13-36
65            android:permission="android.permission.DUMP" >
65-->[androidx.profileinstaller:profileinstaller:1.2.0] AndroidManifest.xml:40:13-57
66            <intent-filter>
66-->[androidx.profileinstaller:profileinstaller:1.2.0] AndroidManifest.xml:41:13-43:29
67                <action android:name="androidx.profileinstaller.action.INSTALL_PROFILE" />
67-->[androidx.profileinstaller:profileinstaller:1.2.0] AndroidManifest.xml:42:17-91
67-->[androidx.profileinstaller:profileinstaller:1.2.0] AndroidManifest.xml:42:25-88
68            </intent-filter>
69            <intent-filter>
69-->[androidx.profileinstaller:profileinstaller:1.2.0] AndroidManifest.xml:44:13-46:29
70                <action android:name="androidx.profileinstaller.action.SKIP_FILE" />
70-->[androidx.profileinstaller:profileinstaller:1.2.0] AndroidManifest.xml:45:17-85
70-->[androidx.profileinstaller:profileinstaller:1.2.0] AndroidManifest.xml:45:25-82
71            </intent-filter>
72        </receiver>
73    </application>
74
75</manifest>